  pcm_mp3_player.cpp
d:\homeworks\github\songli_ffmpeg_win_android\win\win_ffmpeg_yuv_pcm\9_20_ffmpeg\include\libavutil\rational.h : warning C4819: 该文件包含不能在当前代码页(936)中表示的字符。请将该文件保存为 Unicode 格式以防止数据丢失
d:\homeworks\github\songli_ffmpeg_win_android\win\win_ffmpeg_yuv_pcm\9_20_ffmpeg\pcm\pcm_mp3_player.cpp(55): warning C4018: “>”: 有符号/无符号不匹配
d:\homeworks\github\songli_ffmpeg_win_android\win\win_ffmpeg_yuv_pcm\9_20_ffmpeg\pcm\pcm_mp3_player.cpp(104): warning C4018: “<”: 有符号/无符号不匹配
d:\homeworks\github\songli_ffmpeg_win_android\win\win_ffmpeg_yuv_pcm\9_20_ffmpeg\pcm\pcm_mp3_player.cpp(105): warning C4996: 'AVStream::codec': 被声明为已否决
  d:\homeworks\github\songli_ffmpeg_win_android\win\win_ffmpeg_yuv_pcm\9_20_ffmpeg\include\libavformat\avformat.h(893): note: 参见“AVStream::codec”的声明
d:\homeworks\github\songli_ffmpeg_win_android\win\win_ffmpeg_yuv_pcm\9_20_ffmpeg\pcm\pcm_mp3_player.cpp(116): warning C4996: 'AVStream::codec': 被声明为已否决
  d:\homeworks\github\songli_ffmpeg_win_android\win\win_ffmpeg_yuv_pcm\9_20_ffmpeg\include\libavformat\avformat.h(893): note: 参见“AVStream::codec”的声明
d:\homeworks\github\songli_ffmpeg_win_android\win\win_ffmpeg_yuv_pcm\9_20_ffmpeg\pcm\pcm_mp3_player.cpp(132): warning C4477: “printf”: 格式字符串“%d”需要类型“int”的参数，但可变参数 1 拥有了类型“int64_t”
  d:\homeworks\github\songli_ffmpeg_win_android\win\win_ffmpeg_yuv_pcm\9_20_ffmpeg\pcm\pcm_mp3_player.cpp(132): note: 请考虑在格式字符串中使用“%lld”
  d:\homeworks\github\songli_ffmpeg_win_android\win\win_ffmpeg_yuv_pcm\9_20_ffmpeg\pcm\pcm_mp3_player.cpp(132): note: 请考虑在格式字符串中使用“%I64d”
d:\homeworks\github\songli_ffmpeg_win_android\win\win_ffmpeg_yuv_pcm\9_20_ffmpeg\pcm\pcm_mp3_player.cpp(134): warning C4477: “printf”: 格式字符串“%d”需要类型“int”的参数，但可变参数 1 拥有了类型“int64_t”
  d:\homeworks\github\songli_ffmpeg_win_android\win\win_ffmpeg_yuv_pcm\9_20_ffmpeg\pcm\pcm_mp3_player.cpp(134): note: 请考虑在格式字符串中使用“%lld”
  d:\homeworks\github\songli_ffmpeg_win_android\win\win_ffmpeg_yuv_pcm\9_20_ffmpeg\pcm\pcm_mp3_player.cpp(134): note: 请考虑在格式字符串中使用“%I64d”
d:\homeworks\github\songli_ffmpeg_win_android\win\win_ffmpeg_yuv_pcm\9_20_ffmpeg\pcm\pcm_mp3_player.cpp(197): warning C4996: 'avcodec_decode_audio4': 被声明为已否决
  d:\homeworks\github\songli_ffmpeg_win_android\win\win_ffmpeg_yuv_pcm\9_20_ffmpeg\include\libavcodec\avcodec.h(4852): note: 参见“avcodec_decode_audio4”的声明
d:\homeworks\github\songli_ffmpeg_win_android\win\win_ffmpeg_yuv_pcm\9_20_ffmpeg\pcm\pcm_mp3_player.cpp(232): warning C4996: 'av_free_packet': 被声明为已否决
  d:\homeworks\github\songli_ffmpeg_win_android\win\win_ffmpeg_yuv_pcm\9_20_ffmpeg\include\libavcodec\avcodec.h(4558): note: 参见“av_free_packet”的声明
    正在创建库 D:\homeworks\Github\songli_ffmpeg_win_android\win\win_ffmpeg_yuv_pcm\Debug\9_20_ffmpeg.lib 和对象 D:\homeworks\Github\songli_ffmpeg_win_android\win\win_ffmpeg_yuv_pcm\Debug\9_20_ffmpeg.exp
  9_20_ffmpeg.vcxproj -> D:\homeworks\Github\songli_ffmpeg_win_android\win\win_ffmpeg_yuv_pcm\Debug\9_20_ffmpeg.exe
