  x264_faac.cpp
d:\homeworks\cc\ffmpeg\songli_ffmpeg_sdl\songli_ffmpeg_sdl\include\libavutil\rational.h : warning C4819: 该文件包含不能在当前代码页(936)中表示的字符。请将该文件保存为 Unicode 格式以防止数据丢失
d:\homeworks\cc\ffmpeg\songli_ffmpeg_sdl\songli_ffmpeg_sdl\x264_faac.cpp(173): warning C4018: “<”: 有符号/无符号不匹配
d:\homeworks\cc\ffmpeg\songli_ffmpeg_sdl\songli_ffmpeg_sdl\x264_faac.cpp(174): warning C4996: 'AVStream::codec': 被声明为已否决
  d:\homeworks\cc\ffmpeg\songli_ffmpeg_sdl\songli_ffmpeg_sdl\include\libavformat\avformat.h(893): note: 参见“AVStream::codec”的声明
d:\homeworks\cc\ffmpeg\songli_ffmpeg_sdl\songli_ffmpeg_sdl\x264_faac.cpp(184): warning C4996: 'AVStream::codec': 被声明为已否决
  d:\homeworks\cc\ffmpeg\songli_ffmpeg_sdl\songli_ffmpeg_sdl\include\libavformat\avformat.h(893): note: 参见“AVStream::codec”的声明
d:\homeworks\cc\ffmpeg\songli_ffmpeg_sdl\songli_ffmpeg_sdl\x264_faac.cpp(207): error C4430: 缺少类型说明符 - 假定为 int。注意: C++ 不支持默认 int
d:\homeworks\cc\ffmpeg\songli_ffmpeg_sdl\songli_ffmpeg_sdl\x264_faac.cpp(207): error C2143: 语法错误: 缺少“;”(在“*”的前面)
d:\homeworks\cc\ffmpeg\songli_ffmpeg_sdl\songli_ffmpeg_sdl\x264_faac.cpp(207): error C2065: “vi”: 未声明的标识符
d:\homeworks\cc\ffmpeg\songli_ffmpeg_sdl\songli_ffmpeg_sdl\x264_faac.cpp(207): error C3861: “SDL_GetVideoInfo”: 找不到标识符
d:\homeworks\cc\ffmpeg\songli_ffmpeg_sdl\songli_ffmpeg_sdl\x264_faac.cpp(209): error C2065: “vi”: 未声明的标识符
d:\homeworks\cc\ffmpeg\songli_ffmpeg_sdl\songli_ffmpeg_sdl\x264_faac.cpp(209): error C2227: “->current_w”的左边必须指向类/结构/联合/泛型类型
  d:\homeworks\cc\ffmpeg\songli_ffmpeg_sdl\songli_ffmpeg_sdl\x264_faac.cpp(209): note: 类型是“unknown-type”
d:\homeworks\cc\ffmpeg\songli_ffmpeg_sdl\songli_ffmpeg_sdl\x264_faac.cpp(210): error C2065: “vi”: 未声明的标识符
d:\homeworks\cc\ffmpeg\songli_ffmpeg_sdl\songli_ffmpeg_sdl\x264_faac.cpp(210): error C2227: “->current_h”的左边必须指向类/结构/联合/泛型类型
  d:\homeworks\cc\ffmpeg\songli_ffmpeg_sdl\songli_ffmpeg_sdl\x264_faac.cpp(210): note: 类型是“unknown-type”
d:\homeworks\cc\ffmpeg\songli_ffmpeg_sdl\songli_ffmpeg_sdl\x264_faac.cpp(212): error C3861: “SDL_SetVideoMode”: 找不到标识符
d:\homeworks\cc\ffmpeg\songli_ffmpeg_sdl\songli_ffmpeg_sdl\x264_faac.cpp(218): error C2065: “SDL_Overlay”: 未声明的标识符
d:\homeworks\cc\ffmpeg\songli_ffmpeg_sdl\songli_ffmpeg_sdl\x264_faac.cpp(218): error C2065: “bmp”: 未声明的标识符
d:\homeworks\cc\ffmpeg\songli_ffmpeg_sdl\songli_ffmpeg_sdl\x264_faac.cpp(219): error C2065: “bmp”: 未声明的标识符
d:\homeworks\cc\ffmpeg\songli_ffmpeg_sdl\songli_ffmpeg_sdl\x264_faac.cpp(219): error C2065: “SDL_YV12_OVERLAY”: 未声明的标识符
d:\homeworks\cc\ffmpeg\songli_ffmpeg_sdl\songli_ffmpeg_sdl\x264_faac.cpp(219): error C3861: “SDL_CreateYUVOverlay”: 找不到标识符
d:\homeworks\cc\ffmpeg\songli_ffmpeg_sdl\songli_ffmpeg_sdl\x264_faac.cpp(237): warning C4003: “SDL_CreateThread”宏的实参不足
d:\homeworks\cc\ffmpeg\songli_ffmpeg_sdl\songli_ffmpeg_sdl\x264_faac.cpp(237): error C2059: 语法错误:“,”
d:\homeworks\cc\ffmpeg\songli_ffmpeg_sdl\songli_ffmpeg_sdl\x264_faac.cpp(239): error C3861: “SDL_WM_SetCaption”: 找不到标识符
d:\homeworks\cc\ffmpeg\songli_ffmpeg_sdl\songli_ffmpeg_sdl\x264_faac.cpp(256): error C2065: “bmp”: 未声明的标识符
d:\homeworks\cc\ffmpeg\songli_ffmpeg_sdl\songli_ffmpeg_sdl\x264_faac.cpp(256): error C3861: “SDL_LockYUVOverlay”: 找不到标识符
d:\homeworks\cc\ffmpeg\songli_ffmpeg_sdl\songli_ffmpeg_sdl\x264_faac.cpp(257): error C2065: “bmp”: 未声明的标识符
d:\homeworks\cc\ffmpeg\songli_ffmpeg_sdl\songli_ffmpeg_sdl\x264_faac.cpp(257): error C2227: “->pixels”的左边必须指向类/结构/联合/泛型类型
  d:\homeworks\cc\ffmpeg\songli_ffmpeg_sdl\songli_ffmpeg_sdl\x264_faac.cpp(257): note: 类型是“unknown-type”
d:\homeworks\cc\ffmpeg\songli_ffmpeg_sdl\songli_ffmpeg_sdl\x264_faac.cpp(258): error C2065: “bmp”: 未声明的标识符
d:\homeworks\cc\ffmpeg\songli_ffmpeg_sdl\songli_ffmpeg_sdl\x264_faac.cpp(258): error C2227: “->pixels”的左边必须指向类/结构/联合/泛型类型
  d:\homeworks\cc\ffmpeg\songli_ffmpeg_sdl\songli_ffmpeg_sdl\x264_faac.cpp(258): note: 类型是“unknown-type”
d:\homeworks\cc\ffmpeg\songli_ffmpeg_sdl\songli_ffmpeg_sdl\x264_faac.cpp(259): error C2065: “bmp”: 未声明的标识符
d:\homeworks\cc\ffmpeg\songli_ffmpeg_sdl\songli_ffmpeg_sdl\x264_faac.cpp(259): error C2227: “->pixels”的左边必须指向类/结构/联合/泛型类型
  d:\homeworks\cc\ffmpeg\songli_ffmpeg_sdl\songli_ffmpeg_sdl\x264_faac.cpp(259): note: 类型是“unknown-type”
d:\homeworks\cc\ffmpeg\songli_ffmpeg_sdl\songli_ffmpeg_sdl\x264_faac.cpp(260): error C2065: “bmp”: 未声明的标识符
d:\homeworks\cc\ffmpeg\songli_ffmpeg_sdl\songli_ffmpeg_sdl\x264_faac.cpp(260): error C2227: “->pitches”的左边必须指向类/结构/联合/泛型类型
  d:\homeworks\cc\ffmpeg\songli_ffmpeg_sdl\songli_ffmpeg_sdl\x264_faac.cpp(260): note: 类型是“unknown-type”
d:\homeworks\cc\ffmpeg\songli_ffmpeg_sdl\songli_ffmpeg_sdl\x264_faac.cpp(261): error C2065: “bmp”: 未声明的标识符
d:\homeworks\cc\ffmpeg\songli_ffmpeg_sdl\songli_ffmpeg_sdl\x264_faac.cpp(261): error C2227: “->pitches”的左边必须指向类/结构/联合/泛型类型
  d:\homeworks\cc\ffmpeg\songli_ffmpeg_sdl\songli_ffmpeg_sdl\x264_faac.cpp(261): note: 类型是“unknown-type”
d:\homeworks\cc\ffmpeg\songli_ffmpeg_sdl\songli_ffmpeg_sdl\x264_faac.cpp(262): error C2065: “bmp”: 未声明的标识符
d:\homeworks\cc\ffmpeg\songli_ffmpeg_sdl\songli_ffmpeg_sdl\x264_faac.cpp(262): error C2227: “->pitches”的左边必须指向类/结构/联合/泛型类型
  d:\homeworks\cc\ffmpeg\songli_ffmpeg_sdl\songli_ffmpeg_sdl\x264_faac.cpp(262): note: 类型是“unknown-type”
d:\homeworks\cc\ffmpeg\songli_ffmpeg_sdl\songli_ffmpeg_sdl\x264_faac.cpp(271): error C2065: “bmp”: 未声明的标识符
d:\homeworks\cc\ffmpeg\songli_ffmpeg_sdl\songli_ffmpeg_sdl\x264_faac.cpp(271): error C3861: “SDL_UnlockYUVOverlay”: 找不到标识符
d:\homeworks\cc\ffmpeg\songli_ffmpeg_sdl\songli_ffmpeg_sdl\x264_faac.cpp(273): error C2065: “bmp”: 未声明的标识符
d:\homeworks\cc\ffmpeg\songli_ffmpeg_sdl\songli_ffmpeg_sdl\x264_faac.cpp(273): error C3861: “SDL_DisplayYUVOverlay”: 找不到标识符
d:\homeworks\cc\ffmpeg\songli_ffmpeg_sdl\songli_ffmpeg_sdl\x264_faac.cpp(250): warning C4996: 'avcodec_decode_video2': 被声明为已否决
  d:\homeworks\cc\ffmpeg\songli_ffmpeg_sdl\songli_ffmpeg_sdl\include\libavcodec\avcodec.h(4901): note: 参见“avcodec_decode_video2”的声明
d:\homeworks\cc\ffmpeg\songli_ffmpeg_sdl\songli_ffmpeg_sdl\x264_faac.cpp(277): warning C4996: 'av_free_packet': 被声明为已否决
  d:\homeworks\cc\ffmpeg\songli_ffmpeg_sdl\songli_ffmpeg_sdl\include\libavcodec\avcodec.h(4558): note: 参见“av_free_packet”的声明
